<?xml version="1.0" encoding="UTF-8"?>
<!-- Generated by org.testng.reporters.JUnitReportReporter -->
<testsuite skipped="0" hostname="KI0633-MacBook-Pro.local" name="platform.api.EnviromentSetup" tests="13" failures="0" timestamp="2021-03-23T17:40:58 IST" time="218.732" errors="0">
  <testcase name="createUser" time="9.806" classname="platform.api.EnviromentSetup"/>
  <system-out/>
  <testcase name="createAdminApp" time="6.724" classname="platform.api.EnviromentSetup"/>
  <system-out/>
  <testcase name="genereateJWTtoken" time="1.846" classname="platform.api.EnviromentSetup"/>
  <system-out/>
  <testcase name="uploadFile" time="66.185" classname="platform.api.EnviromentSetup"/>
  <system-out/>
  <testcase name="importBot" time="62.047" classname="platform.api.EnviromentSetup"/>
  <system-out/>
  <testcase name="importBotStatus" time="11.979" classname="platform.api.EnviromentSetup"/>
  <system-out/>
  <testcase name="configuringENVvar" time="1.666" classname="platform.api.EnviromentSetup"/>
  <system-out/>
  <testcase name="createbuilderAppnonAdmin" time="6.832" classname="platform.api.EnviromentSetup"/>
  <system-out/>
  <testcase name="enableRTM" time="6.854" classname="platform.api.EnviromentSetup"/>
  <system-out/>
  <testcase name="genereateJWTtokenforNonAmdinApp" time="1.869" classname="platform.api.EnviromentSetup"/>
  <system-out/>
  <testcase name="publishbot" time="33.935" classname="platform.api.EnviromentSetup"/>
  <system-out/>
  <testcase name="getRole" time="2.062" classname="platform.api.EnviromentSetup"/>
  <system-out/>
  <testcase name="AddingDeveloperasOwner" time="6.927" classname="platform.api.EnviromentSetup"/>
  <system-out/>
</testsuite> <!-- platform.api.EnviromentSetup -->
