<?xml version="1.0" encoding="UTF-8"?>
<!-- Generated by org.testng.reporters.JUnitReportReporter -->
<testsuite skipped="0" hostname="KI0633-MacBook-Pro.local" name="platform.api.TenantOnboarding_JWT" tests="16" failures="1" timestamp="2021-03-22T15:53:08 IST" time="189.781" errors="0">
  <testcase name="createUser" time="10.323" classname="platform.api.TenantOnboarding_JWT"/>
  <system-out/>
  <testcase name="createAdminApp" time="6.818" classname="platform.api.TenantOnboarding_JWT"/>
  <system-out/>
  <testcase name="genereateJWTtoken" time="1.881" classname="platform.api.TenantOnboarding_JWT"/>
  <system-out/>
  <testcase name="cloningSmapleBot" time="8.039" classname="platform.api.TenantOnboarding_JWT"/>
  <system-out/>
  <testcase name="clonedBotSetup" time="6.771" classname="platform.api.TenantOnboarding_JWT"/>
  <system-out/>
  <testcase name="createbuilderAppnforUB" time="6.817" classname="platform.api.TenantOnboarding_JWT"/>
  <system-out/>
  <testcase name="enableRTMforUBbuilderAPP" time="6.871" classname="platform.api.TenantOnboarding_JWT"/>
  <system-out/>
  <testcase name="genereateJWTtokenUB_BuilderApp" time="1.472" classname="platform.api.TenantOnboarding_JWT"/>
  <system-out/>
  <testcase name="uploadFile" time="61.934" classname="platform.api.TenantOnboarding_JWT"/>
  <system-out/>
  <testcase name="importBot" time="2.090" classname="platform.api.TenantOnboarding_JWT"/>
  <system-out/>
  <testcase name="importBotStatus" time="11.742" classname="platform.api.TenantOnboarding_JWT"/>
  <system-out/>
  <testcase name="createbuilderAppNONAdmin" time="6.781" classname="platform.api.TenantOnboarding_JWT"/>
  <system-out/>
  <testcase name="enableRTM" time="6.777" classname="platform.api.TenantOnboarding_JWT"/>
  <system-out/>
  <testcase name="genereateJWTtokenbuilderapp" time="1.684" classname="platform.api.TenantOnboarding_JWT"/>
  <system-out/>
  <testcase name="publishbotStandardBot" time="42.728" classname="platform.api.TenantOnboarding_JWT"/>
  <system-out/>
  <testcase name="linkChildBot" time="7.053" classname="platform.api.TenantOnboarding_JWT">
    <failure type="org.junit.ComparisonFailure" message="expected:&lt;[2]00&gt; but was:&lt;[4]00&gt;">
      <![CDATA[org.junit.ComparisonFailure: expected:<[2]00> but was:<[4]00>
at org.junit.Assert.assertEquals(Assert.java:115)
at org.junit.Assert.assertEquals(Assert.java:144)
at platform.api.TenantOnboarding_JWT.linkChildBot(TenantOnboarding_JWT.java:381)
at sun.reflect.NativeMethodAccessorImpl.invoke0(Native Method)
at sun.reflect.NativeMethodAccessorImpl.invoke(NativeMethodAccessorImpl.java:62)
at sun.reflect.DelegatingMethodAccessorImpl.invoke(DelegatingMethodAccessorImpl.java:43)
at java.lang.reflect.Method.invoke(Method.java:498)
at org.testng.internal.MethodInvocationHelper.invokeMethod(MethodInvocationHelper.java:132)
at org.testng.internal.TestInvoker.invokeMethod(TestInvoker.java:599)
at org.testng.internal.TestInvoker.invokeTestMethod(TestInvoker.java:174)
at org.testng.internal.MethodRunner.runInSequence(MethodRunner.java:46)
at org.testng.internal.TestInvoker$MethodInvocationAgent.invoke(TestInvoker.java:822)
at org.testng.internal.TestInvoker.invokeTestMethods(TestInvoker.java:147)
at org.testng.internal.TestMethodWorker.invokeTestMethods(TestMethodWorker.java:146)
at org.testng.internal.TestMethodWorker.run(TestMethodWorker.java:128)
at java.util.ArrayList.forEach(ArrayList.java:1259)
at org.testng.TestRunner.privateRun(TestRunner.java:764)
at org.testng.TestRunner.run(TestRunner.java:585)
at org.testng.SuiteRunner.runTest(SuiteRunner.java:384)
at org.testng.SuiteRunner.runSequentially(SuiteRunner.java:378)
at org.testng.SuiteRunner.privateRun(SuiteRunner.java:337)
at org.testng.SuiteRunner.run(SuiteRunner.java:286)
at org.testng.SuiteRunnerWorker.runSuite(SuiteRunnerWorker.java:53)
at org.testng.SuiteRunnerWorker.run(SuiteRunnerWorker.java:96)
at org.testng.TestNG.runSuitesSequentially(TestNG.java:1218)
at org.testng.TestNG.runSuitesLocally(TestNG.java:1140)
at org.testng.TestNG.runSuites(TestNG.java:1069)
at org.testng.TestNG.run(TestNG.java:1037)
at org.testng.remote.AbstractRemoteTestNG.run(AbstractRemoteTestNG.java:115)
at org.testng.remote.RemoteTestNG.initAndRun(RemoteTestNG.java:251)
at org.testng.remote.RemoteTestNG.main(RemoteTestNG.java:77)
]]>
    </failure>
  </testcase> <!-- linkChildBot -->
  <system-out/>
</testsuite> <!-- platform.api.TenantOnboarding_JWT -->
