<?xml version="1.0" encoding="UTF-8"?>
<!-- Generated by org.testng.reporters.JUnitReportReporter -->
<testsuite skipped="0" hostname="KI0633-MacBook-Pro.local" name="platform.api.koradevenv.PlatformRestCalls" tests="1" failures="0" timestamp="2021-03-16T20:11:10 IST" time="1.437" errors="0">
  <testcase name="sample" time="1.437" classname="platform.api.koradevenv.PlatformRestCalls"/>
  <system-out/>
</testsuite> <!-- platform.api.koradevenv.PlatformRestCalls -->
