<?xml version="1.0" encoding="UTF-8"?>
<!-- Generated by org.testng.reporters.JUnitReportReporter -->
<testsuite skipped="0" hostname="KI0633-MacBook-Pro.local" name="platform.api.SearchSkill" tests="13" failures="1" timestamp="2021-03-23T19:02:47 IST" time="137.707" errors="0">
  <testcase name="createUser" time="13.342" classname="platform.api.SearchSkill"/>
  <system-out/>
  <testcase name="createAdminApp" time="7.162" classname="platform.api.SearchSkill"/>
  <system-out/>
  <testcase name="genereateJWTtoken" time="1.876" classname="platform.api.SearchSkill"/>
  <system-out/>
  <testcase name="cloningSmapleBot" time="12.319" classname="platform.api.SearchSkill"/>
  <system-out/>
  <testcase name="clonedBotSetup" time="51.930" classname="platform.api.SearchSkill"/>
  <system-out/>
  <testcase name="configuringENVvar" time="0.002" classname="platform.api.SearchSkill"/>
  <system-out/>
  <testcase name="createbuilderAppnonAdmin" time="9.395" classname="platform.api.SearchSkill"/>
  <system-out/>
  <testcase name="enableWebHook" time="9.840" classname="platform.api.SearchSkill"/>
  <system-out/>
  <testcase name="publishbot" time="12.920" classname="platform.api.SearchSkill"/>
  <system-out/>
  <testcase name="getRole" time="2.012" classname="platform.api.SearchSkill"/>
  <system-out/>
  <testcase name="AddingDeveloperasOwner" time="7.111" classname="platform.api.SearchSkill"/>
  <system-out/>
  <testcase name="genereateJWTtokenforNonAmdinApp" time="2.056" classname="platform.api.SearchSkill"/>
  <system-out/>
  <testcase name="triggerWebHook" time="7.742" classname="platform.api.SearchSkill">
    <failure type="java.lang.AssertionError" message="expected [200] but found [401]">
      <![CDATA[java.lang.AssertionError: expected [200] but found [401]
at org.testng.Assert.fail(Assert.java:99)
at org.testng.Assert.failNotEquals(Assert.java:1037)
at org.testng.Assert.assertEqualsImpl(Assert.java:140)
at org.testng.Assert.assertEquals(Assert.java:122)
at org.testng.Assert.assertEquals(Assert.java:629)
at org.testng.Assert.assertEquals(Assert.java:639)
at platform.api.SearchSkill.triggerWebHook(SearchSkill.java:305)
at sun.reflect.NativeMethodAccessorImpl.invoke0(Native Method)
at sun.reflect.NativeMethodAccessorImpl.invoke(NativeMethodAccessorImpl.java:62)
at sun.reflect.DelegatingMethodAccessorImpl.invoke(DelegatingMethodAccessorImpl.java:43)
at java.lang.reflect.Method.invoke(Method.java:498)
at org.testng.internal.MethodInvocationHelper.invokeMethod(MethodInvocationHelper.java:132)
at org.testng.internal.TestInvoker.invokeMethod(TestInvoker.java:599)
at org.testng.internal.TestInvoker.invokeTestMethod(TestInvoker.java:174)
at org.testng.internal.MethodRunner.runInSequence(MethodRunner.java:46)
at org.testng.internal.TestInvoker$MethodInvocationAgent.invoke(TestInvoker.java:822)
at org.testng.internal.TestInvoker.invokeTestMethods(TestInvoker.java:147)
at org.testng.internal.TestMethodWorker.invokeTestMethods(TestMethodWorker.java:146)
at org.testng.internal.TestMethodWorker.run(TestMethodWorker.java:128)
at java.util.ArrayList.forEach(ArrayList.java:1259)
at org.testng.TestRunner.privateRun(TestRunner.java:764)
at org.testng.TestRunner.run(TestRunner.java:585)
at org.testng.SuiteRunner.runTest(SuiteRunner.java:384)
at org.testng.SuiteRunner.runSequentially(SuiteRunner.java:378)
at org.testng.SuiteRunner.privateRun(SuiteRunner.java:337)
at org.testng.SuiteRunner.run(SuiteRunner.java:286)
at org.testng.SuiteRunnerWorker.runSuite(SuiteRunnerWorker.java:53)
at org.testng.SuiteRunnerWorker.run(SuiteRunnerWorker.java:96)
at org.testng.TestNG.runSuitesSequentially(TestNG.java:1218)
at org.testng.TestNG.runSuitesLocally(TestNG.java:1140)
at org.testng.TestNG.runSuites(TestNG.java:1069)
at org.testng.TestNG.run(TestNG.java:1037)
at org.testng.remote.AbstractRemoteTestNG.run(AbstractRemoteTestNG.java:115)
at org.testng.remote.RemoteTestNG.initAndRun(RemoteTestNG.java:251)
at org.testng.remote.RemoteTestNG.main(RemoteTestNG.java:77)
]]>
    </failure>
  </testcase> <!-- triggerWebHook -->
  <system-out/>
</testsuite> <!-- platform.api.SearchSkill -->
