<?xml version="1.0" encoding="UTF-8"?>
<!-- Generated by org.testng.reporters.JUnitReportReporter -->
<testsuite skipped="0" hostname="KI0633-MacBook-Pro.local" name="platform.api.koradevenv.EnviromentSetup" tests="13" failures="0" timestamp="2021-03-15T20:07:33 IST" time="162.926" errors="0">
  <testcase name="createUser" time="11.089" classname="platform.api.koradevenv.EnviromentSetup"/>
  <system-out/>
  <testcase name="createAdminApp" time="6.695" classname="platform.api.koradevenv.EnviromentSetup"/>
  <system-out/>
  <testcase name="genereateJWTtoken" time="1.779" classname="platform.api.koradevenv.EnviromentSetup"/>
  <system-out/>
  <testcase name="uploadFile" time="26.079" classname="platform.api.koradevenv.EnviromentSetup"/>
  <system-out/>
  <testcase name="importBot" time="61.631" classname="platform.api.koradevenv.EnviromentSetup"/>
  <system-out/>
  <testcase name="importBotStatus" time="5.224" classname="platform.api.koradevenv.EnviromentSetup"/>
  <system-out/>
  <testcase name="configuringENVvar" time="4.473" classname="platform.api.koradevenv.EnviromentSetup"/>
  <system-out/>
  <testcase name="createbuilderAppnonAdmin" time="8.009" classname="platform.api.koradevenv.EnviromentSetup"/>
  <system-out/>
  <testcase name="enableRTM" time="8.515" classname="platform.api.koradevenv.EnviromentSetup"/>
  <system-out/>
  <testcase name="genereateJWTtokenforNonAmdinApp" time="2.297" classname="platform.api.koradevenv.EnviromentSetup"/>
  <system-out/>
  <testcase name="publishbot" time="3.454" classname="platform.api.koradevenv.EnviromentSetup"/>
  <system-out/>
  <testcase name="getRole" time="21.187" classname="platform.api.koradevenv.EnviromentSetup"/>
  <system-out/>
  <testcase name="AddingDeveloperasOwner" time="2.494" classname="platform.api.koradevenv.EnviromentSetup"/>
  <system-out/>
</testsuite> <!-- platform.api.koradevenv.EnviromentSetup -->
