<?xml version="1.0" encoding="UTF-8"?>
<!-- Generated by org.testng.reporters.JUnitReportReporter -->
<testsuite skipped="0" hostname="KI0633-MacBook-Pro.local" name="platform.api.koradevenv.TenantOnboarding_JWT" tests="16" failures="0" timestamp="2021-03-22T08:37:33 IST" time="250.208" errors="0">
  <testcase name="createUser" time="10.751" classname="platform.api.koradevenv.TenantOnboarding_JWT"/>
  <system-out/>
  <testcase name="createAdminApp" time="7.207" classname="platform.api.koradevenv.TenantOnboarding_JWT"/>
  <system-out/>
  <testcase name="genereateJWTtoken" time="2.532" classname="platform.api.koradevenv.TenantOnboarding_JWT"/>
  <system-out/>
  <testcase name="cloningSmapleBot" time="9.333" classname="platform.api.koradevenv.TenantOnboarding_JWT"/>
  <system-out/>
  <testcase name="clonedBotSetup" time="7.356" classname="platform.api.koradevenv.TenantOnboarding_JWT"/>
  <system-out/>
  <testcase name="createbuilderAppnforUB" time="7.012" classname="platform.api.koradevenv.TenantOnboarding_JWT"/>
  <system-out/>
  <testcase name="enableRTMforUBbuilderAPP" time="7.530" classname="platform.api.koradevenv.TenantOnboarding_JWT"/>
  <system-out/>
  <testcase name="genereateJWTtokenUB_BuilderApp" time="2.442" classname="platform.api.koradevenv.TenantOnboarding_JWT"/>
  <system-out/>
  <testcase name="uploadFile" time="110.735" classname="platform.api.koradevenv.TenantOnboarding_JWT"/>
  <system-out/>
  <testcase name="importBot" time="2.308" classname="platform.api.koradevenv.TenantOnboarding_JWT"/>
  <system-out/>
  <testcase name="importBotStatus" time="12.779" classname="platform.api.koradevenv.TenantOnboarding_JWT"/>
  <system-out/>
  <testcase name="createbuilderAppNONAdmin" time="7.304" classname="platform.api.koradevenv.TenantOnboarding_JWT"/>
  <system-out/>
  <testcase name="enableRTM" time="7.015" classname="platform.api.koradevenv.TenantOnboarding_JWT"/>
  <system-out/>
  <testcase name="genereateJWTtokenbuilderapp" time="2.485" classname="platform.api.koradevenv.TenantOnboarding_JWT"/>
  <system-out/>
  <testcase name="publishbotStandardBot" time="45.537" classname="platform.api.koradevenv.TenantOnboarding_JWT"/>
  <system-out/>
  <testcase name="linkChildBot" time="7.882" classname="platform.api.koradevenv.TenantOnboarding_JWT"/>
  <system-out/>
</testsuite> <!-- platform.api.koradevenv.TenantOnboarding_JWT -->
