<?xml version="1.0" encoding="UTF-8"?>
<!-- Generated by org.testng.reporters.JUnitReportReporter -->
<testsuite skipped="0" hostname="KI0633-MacBook-Pro.local" name="platform.api.koradevenv.TenantOnboarding" tests="15" failures="0" timestamp="2021-03-17T12:56:26 IST" time="90.616" errors="0">
  <testcase name="createUser" time="10.928" classname="platform.api.koradevenv.TenantOnboarding"/>
  <system-out/>
  <testcase name="createAdminApp" time="6.769" classname="platform.api.koradevenv.TenantOnboarding"/>
  <system-out/>
  <testcase name="genereateJWTtoken" time="2.557" classname="platform.api.koradevenv.TenantOnboarding"/>
  <system-out/>
  <testcase name="cloningSmapleBot" time="2.576" classname="platform.api.koradevenv.TenantOnboarding"/>
  <system-out/>
  <testcase name="clonedBotSetup" time="1.630" classname="platform.api.koradevenv.TenantOnboarding"/>
  <system-out/>
  <testcase name="uploadFile" time="26.603" classname="platform.api.koradevenv.TenantOnboarding"/>
  <system-out/>
  <testcase name="importBot" time="1.625" classname="platform.api.koradevenv.TenantOnboarding"/>
  <system-out/>
  <testcase name="importBotStatus" time="11.625" classname="platform.api.koradevenv.TenantOnboarding"/>
  <system-out/>
  <testcase name="createbuilderAppnonAdmin" time="6.605" classname="platform.api.koradevenv.TenantOnboarding"/>
  <system-out/>
  <testcase name="enableRTM" time="6.613" classname="platform.api.koradevenv.TenantOnboarding"/>
  <system-out/>
  <testcase name="genereateJWTtokenforNonAmdinApp" time="1.391" classname="platform.api.koradevenv.TenantOnboarding"/>
  <system-out/>
  <testcase name="publishbot" time="1.599" classname="platform.api.koradevenv.TenantOnboarding"/>
  <system-out/>
  <testcase name="enableSAMLsso" time="1.521" classname="platform.api.koradevenv.TenantOnboarding"/>
  <system-out/>
  <testcase name="getRole" time="1.821" classname="platform.api.koradevenv.TenantOnboarding"/>
  <system-out/>
  <testcase name="AddingDeveloperasOwner" time="6.753" classname="platform.api.koradevenv.TenantOnboarding"/>
  <system-out/>
</testsuite> <!-- platform.api.koradevenv.TenantOnboarding -->
