<?xml version="1.0" encoding="UTF-8"?>
<!-- Generated by org.testng.reporters.JUnitReportReporter -->
<testsuite skipped="0" hostname="KI0633-MacBook-Pro.local" name="platform.api.koradevenv.KnowledgeCollection" tests="18" failures="0" timestamp="2021-03-22T11:09:09 IST" time="228.192" errors="0">
  <testcase name="createUser" time="10.564" classname="platform.api.koradevenv.KnowledgeCollection"/>
  <system-out/>
  <testcase name="createAdminApp" time="7.035" classname="platform.api.koradevenv.KnowledgeCollection"/>
  <system-out/>
  <testcase name="genereateJWTtoken" time="1.880" classname="platform.api.koradevenv.KnowledgeCollection"/>
  <system-out/>
  <testcase name="cloningSmapleBot" time="12.497" classname="platform.api.koradevenv.KnowledgeCollection"/>
  <system-out/>
  <testcase name="clonedBotSetup" time="52.304" classname="platform.api.koradevenv.KnowledgeCollection"/>
  <system-out/>
  <testcase name="createbuilderAppnonAdmin" time="6.669" classname="platform.api.koradevenv.KnowledgeCollection"/>
  <system-out/>
  <testcase name="enableRTM" time="6.798" classname="platform.api.koradevenv.KnowledgeCollection"/>
  <system-out/>
  <testcase name="getRole" time="2.053" classname="platform.api.koradevenv.KnowledgeCollection"/>
  <system-out/>
  <testcase name="AddingDeveloperasOwner" time="7.318" classname="platform.api.koradevenv.KnowledgeCollection"/>
  <system-out/>
  <testcase name="ExtractFAQs" time="61.810" classname="platform.api.koradevenv.KnowledgeCollection"/>
  <system-out/>
  <testcase name="GetQsofExtract" time="2.042" classname="platform.api.koradevenv.KnowledgeCollection"/>
  <system-out/>
  <testcase name="GetKTofTaskofCollection" time="11.825" classname="platform.api.koradevenv.KnowledgeCollection"/>
  <system-out/>
  <testcase name="AddQstoCollection" time="24.085" classname="platform.api.koradevenv.KnowledgeCollection"/>
  <system-out/>
  <testcase name="publishbot" time="12.594" classname="platform.api.koradevenv.KnowledgeCollection"/>
  <system-out/>
  <testcase name="GetFAQsCollection" time="1.740" classname="platform.api.koradevenv.KnowledgeCollection"/>
  <system-out/>
  <testcase name="GetExtractsofCollection" time="1.684" classname="platform.api.koradevenv.KnowledgeCollection"/>
  <system-out/>
  <testcase name="genereateJWTtokenforNonAmdinApp" time="1.639" classname="platform.api.koradevenv.KnowledgeCollection"/>
  <system-out/>
  <testcase name="findIntent" time="3.655" classname="platform.api.koradevenv.KnowledgeCollection"/>
  <system-out/>
</testsuite> <!-- platform.api.koradevenv.KnowledgeCollection -->
