<?xml version="1.0" encoding="UTF-8"?>
<!-- Generated by org.testng.reporters.JUnitReportReporter -->
<testsuite skipped="0" hostname="KI0633-MacBook-Pro.local" name="platform.api.Sample" tests="1" failures="0" timestamp="2021-03-22T20:27:52 IST" time="0.011" errors="0">
  <testcase name="x" time="0.011" classname="platform.api.Sample"/>
  <system-out/>
</testsuite> <!-- platform.api.Sample -->
